[2026-05-08 06:53:37] local.ERROR: The "--port:8001" option does not exist. {"exception":"[object] (Symfony\\Component\\Console\\Exception\\RuntimeException(code: 0): The \"--port:8001\" option does not exist. at C:/laragon/www/IAE/healthcare-project/medical-record-service/vendor/symfony/console/Input/ArgvInput.php:223)
[stacktrace]
#0 C:/laragon/www/IAE/healthcare-project/medical-record-service/vendor/symfony/console/Input/ArgvInput.php(152): Symfony/Component/Console/Input/ArgvInput->addLongOption('port:8001', NULL)
#1 C:/laragon/www/IAE/healthcare-project/medical-record-service/vendor/symfony/console/Input/ArgvInput.php(85): Symfony/Component/Console/Input/ArgvInput->parseLongOption('--port:8001')
#2 C:/laragon/www/IAE/healthcare-project/medical-record-service/vendor/symfony/console/Input/ArgvInput.php(74): Symfony/Component/Console/Input/ArgvInput->parseToken('--port:8001', true)
#3 C:/laragon/www/IAE/healthcare-project/medical-record-service/vendor/symfony/console/Input/Input.php(56): Symfony/Component/Console/Input/ArgvInput->parse()
#4 C:/laragon/www/IAE/healthcare-project/medical-record-service/vendor/symfony/console/Command/Command.php(285): Symfony/Component/Console/Input/Input->bind(Object(Symfony/Component/Console/Input/InputDefinition))
#5 C:/laragon/www/IAE/healthcare-project/medical-record-service/vendor/laravel/framework/src/Illuminate/Console/Command.php(180): Symfony/Component/Console/Command/Command->run(Object(Symfony/Component/Console/Input/ArgvInput), Object(Illuminate/Console/OutputStyle))
#6 C:/laragon/www/IAE/healthcare-project/medical-record-service/vendor/symfony/console/Application.php(1121): Illuminate/Console/Command->run(Object(Symfony/Component/Console/Input/ArgvInput), Object(Symfony/Component/Console/Output/ConsoleOutput))
#7 C:/laragon/www/IAE/healthcare-project/medical-record-service/vendor/symfony/console/Application.php(324): Symfony/Component/Console/Application->doRunCommand(Object(Illuminate/Foundation/Console/ServeCommand), Object(Symfony/Component/Console/Input/ArgvInput), Object(Symfony/Component/Console/Output/ConsoleOutput))
#8 C:/laragon/www/IAE/healthcare-project/medical-record-service/vendor/symfony/console/Application.php(175): Symfony/Component/Console/Application->doRun(Object(Symfony/Component/Console/Input/ArgvInput), Object(Symfony/Component/Console/Output/ConsoleOutput))
#9 C:/laragon/www/IAE/healthcare-project/medical-record-service/vendor/laravel/framework/src/Illuminate/Foundation/Console/Kernel.php(201): Symfony/Component/Console/Application->run(Object(Symfony/Component/Console/Input/ArgvInput), Object(Symfony/Component/Console/Output/ConsoleOutput))
#10 C:/laragon/www/IAE/healthcare-project/medical-record-service/artisan(35): Illuminate/Foundation/Console/Kernel->handle(Object(Symfony/Component/Console/Input/ArgvInput), Object(Symfony/Component/Console/Output/ConsoleOutput))
#11 {main}
"} 
[2026-05-08 06:54:09] local.ERROR: The "--port8001" option does not exist. {"exception":"[object] (Symfony\\Component\\Console\\Exception\\RuntimeException(code: 0): The \"--port8001\" option does not exist. at C:/laragon/www/IAE/healthcare-project/medical-record-service/vendor/symfony/console/Input/ArgvInput.php:223)
[stacktrace]
#0 C:/laragon/www/IAE/healthcare-project/medical-record-service/vendor/symfony/console/Input/ArgvInput.php(152): Symfony/Component/Console/Input/ArgvInput->addLongOption('port8001', NULL)
#1 C:/laragon/www/IAE/healthcare-project/medical-record-service/vendor/symfony/console/Input/ArgvInput.php(85): Symfony/Component/Console/Input/ArgvInput->parseLongOption('--port8001')
#2 C:/laragon/www/IAE/healthcare-project/medical-record-service/vendor/symfony/console/Input/ArgvInput.php(74): Symfony/Component/Console/Input/ArgvInput->parseToken('--port8001', true)
#3 C:/laragon/www/IAE/healthcare-project/medical-record-service/vendor/symfony/console/Input/Input.php(56): Symfony/Component/Console/Input/ArgvInput->parse()
#4 C:/laragon/www/IAE/healthcare-project/medical-record-service/vendor/symfony/console/Command/Command.php(285): Symfony/Component/Console/Input/Input->bind(Object(Symfony/Component/Console/Input/InputDefinition))
#5 C:/laragon/www/IAE/healthcare-project/medical-record-service/vendor/laravel/framework/src/Illuminate/Console/Command.php(180): Symfony/Component/Console/Command/Command->run(Object(Symfony/Component/Console/Input/ArgvInput), Object(Illuminate/Console/OutputStyle))
#6 C:/laragon/www/IAE/healthcare-project/medical-record-service/vendor/symfony/console/Application.php(1121): Illuminate/Console/Command->run(Object(Symfony/Component/Console/Input/ArgvInput), Object(Symfony/Component/Console/Output/ConsoleOutput))
#7 C:/laragon/www/IAE/healthcare-project/medical-record-service/vendor/symfony/console/Application.php(324): Symfony/Component/Console/Application->doRunCommand(Object(Illuminate/Foundation/Console/ServeCommand), Object(Symfony/Component/Console/Input/ArgvInput), Object(Symfony/Component/Console/Output/ConsoleOutput))
#8 C:/laragon/www/IAE/healthcare-project/medical-record-service/vendor/symfony/console/Application.php(175): Symfony/Component/Console/Application->doRun(Object(Symfony/Component/Console/Input/ArgvInput), Object(Symfony/Component/Console/Output/ConsoleOutput))
#9 C:/laragon/www/IAE/healthcare-project/medical-record-service/vendor/laravel/framework/src/Illuminate/Foundation/Console/Kernel.php(201): Symfony/Component/Console/Application->run(Object(Symfony/Component/Console/Input/ArgvInput), Object(Symfony/Component/Console/Output/ConsoleOutput))
#10 C:/laragon/www/IAE/healthcare-project/medical-record-service/artisan(35): Illuminate/Foundation/Console/Kernel->handle(Object(Symfony/Component/Console/Input/ArgvInput), Object(Symfony/Component/Console/Output/ConsoleOutput))
#11 {main}
"} 
